<?xml version="1.0" encoding="UTF-8"?>
<testsuite xmlns:xsi="http://www.w3.org/2001/XMLSchema-instance" xsi:noNamespaceSchemaLocation="https://maven.apache.org/surefire/maven-surefire-plugin/xsd/surefire-test-report.xsd" name="it.polimi.ingsw.model.specialworkers.WorkerHestiaTest" time="0.001" tests="8" errors="0" skipped="0" failures="0">
  <properties>
[...]
</properties>
  <testcase name="canUseSpecialPower" classname="it.polimi.ingsw.model.specialworkers.WorkerHestiaTest" time="0.001"/>
  <testcase name="notHasBuiltCanUseSpecialPower" classname="it.polimi.ingsw.model.specialworkers.WorkerHestiaTest" time="0"/>
  <testcase name="notHasBuiltSpecialPowerTest" classname="it.polimi.ingsw.model.specialworkers.WorkerHestiaTest" time="0"/>
  <testcase name="perimeterColumnSpecialPowerTest" classname="it.polimi.ingsw.model.specialworkers.WorkerHestiaTest" time="0"/>
  <testcase name="notHasMovedSpecialPowerTest" classname="it.polimi.ingsw.model.specialworkers.WorkerHestiaTest" time="0"/>
  <testcase name="perimetricRowSpecialPowerTest" classname="it.polimi.ingsw.model.specialworkers.WorkerHestiaTest" time="0"/>
  <testcase name="notHasMovedCanUseSpecialPower" classname="it.polimi.ingsw.model.specialworkers.WorkerHestiaTest" time="0"/>
  <testcase name="specialPowerTest" classname="it.polimi.ingsw.model.specialworkers.WorkerHestiaTest" time="0"/>
</testsuite>